<?xml version="1.0" encoding="UTF-8" standalone="no"?>
<!DOCTYPE log SYSTEM "logger.dtd">
<log>
<record>
  <date>2015-06-06T00:47:15</date>
  <millis>1433562435741</millis>
  <sequence>0</sequence>
  <logger>jMetal</logger>
  <level>INFO</level>
  <class>algorithm.hhibea.IBEA_main</class>
  <method>main</method>
  <thread>1</thread>
  <message>Total execution time: 36943ms</message>
</record>
<record>
  <date>2015-06-06T00:47:15</date>
  <millis>1433562435786</millis>
  <sequence>1</sequence>
  <logger>jMetal</logger>
  <level>INFO</level>
  <class>algorithm.hhibea.IBEA_main</class>
  <method>main</method>
  <thread>1</thread>
  <message>Variables values have been writen to file VAR</message>
</record>
<record>
  <date>2015-06-06T00:47:15</date>
  <millis>1433562435798</millis>
  <sequence>2</sequence>
  <logger>jMetal</logger>
  <level>INFO</level>
  <class>algorithm.hhibea.IBEA_main</class>
  <method>main</method>
  <thread>1</thread>
  <message>Objectives values have been writen to file FUN</message>
</record>
</log>
