<?xml version="1.0" encoding="UTF-8" standalone="no"?>
<!DOCTYPE log SYSTEM "logger.dtd">
<log>
<record>
  <date>2015-06-07T20:03:17</date>
  <millis>1433718197712</millis>
  <sequence>0</sequence>
  <logger>jMetal</logger>
  <level>INFO</level>
  <class>algorithm.hhibea.HHIBEA_main</class>
  <method>main</method>
  <thread>1</thread>
  <message>Total execution time: 41320ms</message>
</record>
<record>
  <date>2015-06-07T20:03:17</date>
  <millis>1433718197843</millis>
  <sequence>1</sequence>
  <logger>jMetal</logger>
  <level>INFO</level>
  <class>algorithm.hhibea.HHIBEA_main</class>
  <method>main</method>
  <thread>1</thread>
  <message>Variables values have been writen to file VAR</message>
</record>
<record>
  <date>2015-06-07T20:03:17</date>
  <millis>1433718197857</millis>
  <sequence>2</sequence>
  <logger>jMetal</logger>
  <level>INFO</level>
  <class>algorithm.hhibea.HHIBEA_main</class>
  <method>main</method>
  <thread>1</thread>
  <message>Objectives values have been writen to file FUN</message>
</record>
</log>
